Build started 10/24/2015 1:16:19 PM.
     1>Project "C:\Users\Meraj Ali\documents\visual studio 2010\Projects\SimpleCalculator\SimpleCalculator\SimpleCalculator.vcxproj" on node 2 (build target(s)).
     1>InitializeBuildStatus:
         Touching "Debug\SimpleCalculator.unsuccessfulbuild".
       ClCompile:
         All outputs are up-to-date.
         All outputs are up-to-date.
         C:\Program Files\Microsoft Visual Studio 10.0\VC\bin\CL.exe /c /Zi /clr:pure /nologo /W3 /WX- /Od /Oy- /D WIN32 /D _DEBUG /D _UNICODE /D UNICODE /EHa /MDd /GS /fp:precise /Zc:wchar_t /Zc:forScope /Fo"Debug\\" /Fd"Debug\vc100.pdb" /TP /analyze- /errorReport:prompt "C:\Users\Meraj Ali\AppData\Local\Temp\.NETFramework,Version=v4.0.AssemblyAttributes.cpp"
         .NETFramework,Version=v4.0.AssemblyAttributes.cpp
       CoreResGen:
         No resources are out of date with respect to their source files. Skipping resource generation.
       ResourceCompile:
         All outputs are up-to-date.
       Link:
         C:\Program Files\Microsoft Visual Studio 10.0\VC\bin\link.exe /ERRORREPORT:PROMPT /OUT:"C:\Users\Meraj Ali\documents\visual studio 2010\Projects\SimpleCalculator\Debug\SimpleCalculator.exe" /INCREMENTAL /NOLOGO /ASSEMBLYRESOURCE:Debug\SimpleCalculator.Calculator.resources /ASSEMBLYRESOURCE:Debug\SimpleCalculator.Form1.resources /MANIFEST /ManifestFile:"Debug\SimpleCalculator.exe.intermediate.manifest" /MANIFESTUAC:"level='asInvoker' uiAccess='false'" /DEBUG /PDB:"C:\Users\Meraj Ali\documents\visual studio 2010\Projects\SimpleCalculator\Debug\SimpleCalculator.pdb" /ASSEMBLYDEBUG /SUBSYSTEM:WINDOWS /TLBID:1 /ENTRY:"main" /DYNAMICBASE /FIXED:NO /NXCOMPAT /MACHINE:X86 Debug\app.res
         Debug\AssemblyInfo.obj
         Debug\Calculator.obj
         Debug\stdafx.obj
         "Debug\.NETFramework,Version=v4.0.AssemblyAttributes.obj"
     1>LINK : error LNK2001: unresolved external symbol _main
     1>C:\Users\Meraj Ali\documents\visual studio 2010\Projects\SimpleCalculator\Debug\SimpleCalculator.exe : fatal error LNK1120: 1 unresolved externals
     1>Done Building Project "C:\Users\Meraj Ali\documents\visual studio 2010\Projects\SimpleCalculator\SimpleCalculator\SimpleCalculator.vcxproj" (build target(s)) -- FAILED.

Build FAILED.

Time Elapsed 00:00:03.07
